<?xml version="1.0" encoding="UTF-8"?>
<testng-results ignored="0" total="1" passed="1" failed="0" skipped="0">
  <reporter-output>
  </reporter-output>
  <suite started-at="2023-11-20T18:39:41 IST" name="Default suite" finished-at="2023-11-20T18:40:21 IST" duration-ms="40681">
    <groups>
    </groups>
    <test started-at="2023-11-20T18:39:41 IST" name="Default test" finished-at="2023-11-20T18:40:21 IST" duration-ms="40681">
      <class name="testRepo.CreateContact">
        <test-method is-config="true" signature="launchBrowser()[pri:0, instance:testRepo.CreateContact@5032714f]" started-at="2023-11-20T18:39:41 IST" name="launchBrowser" finished-at="2023-11-20T18:39:50 IST" duration-ms="8838" status="PASS">
          <reporter-output>
          </reporter-output>
        </test-method> <!-- launchBrowser -->
        <test-method is-config="true" signature="loginOperation()[pri:0, instance:testRepo.CreateContact@5032714f]" started-at="2023-11-20T18:39:50 IST" name="loginOperation" finished-at="2023-11-20T18:39:55 IST" duration-ms="5109" status="PASS">
          <reporter-output>
          </reporter-output>
        </test-method> <!-- loginOperation -->
        <test-method signature="createContact()[pri:0, instance:testRepo.CreateContact@5032714f]" started-at="2023-11-20T18:39:55 IST" name="createContact" finished-at="2023-11-20T18:40:17 IST" duration-ms="22346" status="PASS">
          <reporter-output>
          </reporter-output>
        </test-method> <!-- createContact -->
        <test-method is-config="true" signature="logoutOperation()[pri:0, instance:testRepo.CreateContact@5032714f]" started-at="2023-11-20T18:40:17 IST" name="logoutOperation" finished-at="2023-11-20T18:40:21 IST" duration-ms="3625" status="PASS">
          <reporter-output>
          </reporter-output>
        </test-method> <!-- logoutOperation -->
        <test-method is-config="true" signature="closeWindow()[pri:0, instance:testRepo.CreateContact@5032714f]" started-at="2023-11-20T18:40:21 IST" name="closeWindow" finished-at="2023-11-20T18:40:21 IST" duration-ms="639" status="PASS">
          <reporter-output>
          </reporter-output>
        </test-method> <!-- closeWindow -->
      </class> <!-- testRepo.CreateContact -->
    </test> <!-- Default test -->
  </suite> <!-- Default suite -->
</testng-results>
